0 info it worked if it ends with ok
1 verbose cli [ '/usr/bin/node', '/usr/bin/npm', 'install', 'three-math' ]
2 info using npm@1.2.18
3 info using node@v0.10.4
4 verbose node symlink /usr/bin/node
5 verbose read json /home/rostrager/oarconverter/node/package.json
6 verbose read json /home/rostrager/oarconverter/node/node_modules/three/package.json
7 verbose read json /home/rostrager/oarconverter/node/package.json
8 verbose cache add [ 'three-math', null ]
9 verbose cache add name=undefined spec="three-math" args=["three-math",null]
10 verbose parsed url { protocol: null,
10 verbose parsed url   slashes: null,
10 verbose parsed url   auth: null,
10 verbose parsed url   host: null,
10 verbose parsed url   port: null,
10 verbose parsed url   hostname: null,
10 verbose parsed url   hash: null,
10 verbose parsed url   search: null,
10 verbose parsed url   query: null,
10 verbose parsed url   pathname: 'three-math',
10 verbose parsed url   path: 'three-math',
10 verbose parsed url   href: 'three-math' }
11 silly lockFile 288a8602-three-math three-math
12 verbose lock three-math /home/rostrager/.npm/288a8602-three-math.lock
13 silly lockFile 288a8602-three-math three-math
14 silly lockFile 288a8602-three-math three-math
15 verbose addNamed [ 'three-math', '' ]
16 verbose addNamed [ null, '' ]
17 silly lockFile c6c5114e-three-math three-math@
18 verbose lock three-math@ /home/rostrager/.npm/c6c5114e-three-math.lock
19 silly addNameRange { name: 'three-math', range: '', hasData: false }
20 verbose url raw three-math
21 verbose url resolving [ 'https://registry.npmjs.org/', './three-math' ]
22 verbose url resolved https://registry.npmjs.org/three-math
23 info trying registry request attempt 1 at 13:42:20
24 http GET https://registry.npmjs.org/three-math
25 http 404 https://registry.npmjs.org/three-math
26 silly registry.get cb [ 404,
26 silly registry.get   { server: 'CouchDB/1.3.0 (Erlang OTP/R15B03)',
26 silly registry.get     date: 'Tue, 30 Apr 2013 17:42:20 GMT',
26 silly registry.get     'content-type': 'application/json',
26 silly registry.get     'content-length': '52',
26 silly registry.get     'cache-control': 'must-revalidate' } ]
27 silly lockFile c6c5114e-three-math three-math@
28 silly lockFile c6c5114e-three-math three-math@
29 error 404 'three-math' is not in the npm registry.
29 error 404 You should bug the author to publish it
29 error 404
29 error 404 Note that you can also install from a
29 error 404 tarball, folder, or http url, or git url.
30 error System Linux 3.5.0-21-generic
31 error command "/usr/bin/node" "/usr/bin/npm" "install" "three-math"
32 error cwd /home/rostrager/oarconverter/node
33 error node -v v0.10.4
34 error npm -v 1.2.18
35 error code E404
36 verbose exit [ 1, true ]
